<?xml version="1.0" encoding="UTF-8"?>
<testng-results ignored="0" total="3" passed="3" failed="0" skipped="0">
  <reporter-output>
  </reporter-output>
  <suite started-at="2018-08-30T17:10:37Z" name="Default suite" finished-at="2018-08-30T17:10:37Z" duration-ms="49">
    <groups>
    </groups>
    <test started-at="2018-08-30T17:10:37Z" name="Default test" finished-at="2018-08-30T17:10:37Z" duration-ms="49">
      <class name="day7.AnnotationsDemo">
        <test-method is-config="true" signature="beforeTest()[pri:0, instance:day7.AnnotationsDemo@383bfa16]" started-at="2018-08-30T17:10:37Z" name="beforeTest" finished-at="2018-08-30T17:10:37Z" duration-ms="14" status="PASS">
          <reporter-output>
          </reporter-output>
        </test-method> <!-- beforeTest -->
        <test-method is-config="true" signature="beforeMethod()[pri:0, instance:day7.AnnotationsDemo@383bfa16]" started-at="2018-08-30T17:10:37Z" name="beforeMethod" finished-at="2018-08-30T17:10:37Z" duration-ms="1" status="PASS">
          <reporter-output>
          </reporter-output>
        </test-method> <!-- beforeMethod -->
        <test-method is-config="true" signature="afterMethod()[pri:0, instance:day7.AnnotationsDemo@383bfa16]" started-at="2018-08-30T17:10:37Z" name="afterMethod" finished-at="2018-08-30T17:10:37Z" duration-ms="10" status="PASS">
          <reporter-output>
          </reporter-output>
        </test-method> <!-- afterMethod -->
        <test-method signature="f1()[pri:0, instance:day7.AnnotationsDemo@383bfa16]" started-at="2018-08-30T17:10:37Z" name="f1" finished-at="2018-08-30T17:10:37Z" duration-ms="0" status="PASS">
          <reporter-output>
          </reporter-output>
        </test-method> <!-- f1 -->
        <test-method is-config="true" signature="afterMethod()[pri:0, instance:day7.AnnotationsDemo@383bfa16]" started-at="2018-08-30T17:10:37Z" name="afterMethod" finished-at="2018-08-30T17:10:37Z" duration-ms="0" status="PASS">
          <reporter-output>
          </reporter-output>
        </test-method> <!-- afterMethod -->
        <test-method signature="f2()[pri:0, instance:day7.AnnotationsDemo@383bfa16]" started-at="2018-08-30T17:10:37Z" name="f2" finished-at="2018-08-30T17:10:37Z" duration-ms="0" status="PASS">
          <reporter-output>
          </reporter-output>
        </test-method> <!-- f2 -->
        <test-method is-config="true" signature="afterTest()[pri:0, instance:day7.AnnotationsDemo@383bfa16]" started-at="2018-08-30T17:10:37Z" name="afterTest" finished-at="2018-08-30T17:10:37Z" duration-ms="0" status="PASS">
          <reporter-output>
          </reporter-output>
        </test-method> <!-- afterTest -->
        <test-method is-config="true" signature="beforeMethod()[pri:0, instance:day7.AnnotationsDemo@383bfa16]" started-at="2018-08-30T17:10:37Z" name="beforeMethod" finished-at="2018-08-30T17:10:37Z" duration-ms="0" status="PASS">
          <reporter-output>
          </reporter-output>
        </test-method> <!-- beforeMethod -->
        <test-method signature="f3()[pri:0, instance:day7.AnnotationsDemo@383bfa16]" started-at="2018-08-30T17:10:37Z" name="f3" finished-at="2018-08-30T17:10:37Z" duration-ms="0" status="PASS">
          <reporter-output>
          </reporter-output>
        </test-method> <!-- f3 -->
        <test-method is-config="true" signature="beforeMethod()[pri:0, instance:day7.AnnotationsDemo@383bfa16]" started-at="2018-08-30T17:10:37Z" name="beforeMethod" finished-at="2018-08-30T17:10:37Z" duration-ms="0" status="PASS">
          <reporter-output>
          </reporter-output>
        </test-method> <!-- beforeMethod -->
        <test-method is-config="true" signature="afterMethod()[pri:0, instance:day7.AnnotationsDemo@383bfa16]" started-at="2018-08-30T17:10:37Z" name="afterMethod" finished-at="2018-08-30T17:10:37Z" duration-ms="0" status="PASS">
          <reporter-output>
          </reporter-output>
        </test-method> <!-- afterMethod -->
      </class> <!-- day7.AnnotationsDemo -->
    </test> <!-- Default test -->
  </suite> <!-- Default suite -->
</testng-results>
